<?xml version="1.0" encoding="UTF-8" ?>
<testsuite errors="0" failures="0" hostname="roguez" name="unit.test.LanguageDAO.LanguageTest" skipped="0" tests="12" time="3.267" timestamp="2024-06-24T05:42:41">
  <properties>
[...]
</properties>
  <testcase classname="unit.test.LanguageDAO.LanguageTest" name="testSuccessDeleteLanguage" time="1.321" />
  <testcase classname="unit.test.LanguageDAO.LanguageTest" name="testFailureDeleteLanguageByIdNotAvailable" time="0.146" />
  <testcase classname="unit.test.LanguageDAO.LanguageTest" name="testFailureGetLanguageByIdNotAvailable" time="0.135" />
  <testcase classname="unit.test.LanguageDAO.LanguageTest" name="testFailureGetLanguageByNameNotAvailable" time="0.126" />
  <testcase classname="unit.test.LanguageDAO.LanguageTest" name="testSuccessGetLanguageByName" time="0.115" />
  <testcase classname="unit.test.LanguageDAO.LanguageTest" name="testGetLanguagesSuccess" time="0.264" />
  <testcase classname="unit.test.LanguageDAO.LanguageTest" name="testSuccesUpdateLanguage" time="0.123" />
  <testcase classname="unit.test.LanguageDAO.LanguageTest" name="testFailureUpdateLanguageByAlreadyRegisteredName" time="0.182" />
  <testcase classname="unit.test.LanguageDAO.LanguageTest" name="testGetLanguagesFailure" time="0.242" />
  <testcase classname="unit.test.LanguageDAO.LanguageTest" name="testSuccessGetLanguageById" time="0.094" />
  <testcase classname="unit.test.LanguageDAO.LanguageTest" name="testSuccessInsertLanguage" time="0.134" />
  <testcase classname="unit.test.LanguageDAO.LanguageTest" name="testFailureInsertLanguageByNameAlreadyRegistered" time="0.093" />
  <system-out><![CDATA[]]></system-out>
  <system-err><![CDATA[]]></system-err>
</testsuite>
